{"numTotalTestSuites":250,"numPassedTestSuites":250,"numFailedTestSuites":0,"numPendingTestSuites":0,"numTotalTests":523,"numPassedTests":521,"numFailedTests":0,"numPendingTests":2,"numTodoTests":0,"snapshot":{"added":0,"failure":false,"filesAdded":0,"filesRemoved":0,"filesRemovedList":[],"filesUnmatched":0,"filesUpdated":0,"matched":0,"total":0,"unchecked":0,"uncheckedKeysByFile":[],"unmatched":0,"updated":0,"didUpdate":false},"startTime":1751749309569,"success":true,"testResults":[{"assertionResults":[{"ancestorTitles":["SiteManagementClient","Rendering"],"fullName":"SiteManagementClient Rendering should render the component with correct site information","status":"passed","title":"should render the component with correct site information","duration":5.712290999999823,"failureMessages":[],"meta":{}},{"ancestorTitles":["SiteManagementClient","Rendering"],"fullName":"SiteManagementClient Rendering should render all tab navigation items","status":"passed","title":"should render all tab navigation items","duration":37.445832999999766,"failureMessages":[],"meta":{}},{"ancestorTitles":["SiteManagementClient","Rendering"],"fullName":"SiteManagementClient Rendering should have overview tab active by default","status":"passed","title":"should have overview tab active by default","duration":10.684417000000394,"failureMessages":[],"meta":{}},{"ancestorTitles":["SiteManagementClient","Tab Navigation"],"fullName":"SiteManagementClient Tab Navigation should switch tabs when clicked","status":"passed","title":"should switch tabs when clicked","duration":13.225665999999364,"failureMessages":[],"meta":{}},{"ancestorTitles":["SiteManagementClient","Tab Navigation"],"fullName":"SiteManagementClient Tab Navigation should display different content for each tab","status":"passed","title":"should display different content for each tab","duration":15.243000000000393,"failureMessages":[],"meta":{}},{"ancestorTitles":["SiteManagementClient","Overview Tab"],"fullName":"SiteManagementClient Overview Tab should display site information","status":"passed","title":"should display site information","duration":4.6817080000000715,"failureMessages":[],"meta":{}},{"ancestorTitles":["SiteManagementClient","Content Tab"],"fullName":"SiteManagementClient Content Tab should display content management tab","status":"passed","title":"should display content management tab","duration":20.87883299999976,"failureMessages":[],"meta":{}},{"ancestorTitles":["SiteManagementClient","Error Handling"],"fullName":"SiteManagementClient Error Handling should handle missing props gracefully","status":"passed","title":"should handle missing props gracefully","duration":3.410874999999578,"failureMessages":[],"meta":{}}],"startTime":1751749313262,"endTime":1751749313373.411,"status":"passed","message":"","name":"/Users/jonphipps/Code/IFLA/standards-dev/apps/admin-portal/src/test/components/SiteManagementClient.test.tsx"},{"assertionResults":[{"ancestorTitles":["Site Management Integration Tests","Site Data Loading"],"fullName":"Site Management Integration Tests Site Data Loading should load and display site information from API","status":"passed","title":"should load and display site information from API","duration":10.361541000000216,"failureMessages":[],"meta":{}},{"ancestorTitles":["Site Management Integration Tests","Site Data Loading"],"fullName":"Site Management Integration Tests Site Data Loading should handle API errors gracefully","status":"passed","title":"should handle API errors gracefully","duration":4.986249999999927,"failureMessages":[],"meta":{}},{"ancestorTitles":["Site Management Integration Tests","GitHub Integration"],"fullName":"Site Management Integration Tests GitHub Integration should fetch and display GitHub repository data","status":"passed","title":"should fetch and display GitHub repository data","duration":33.23920799999996,"failureMessages":[],"meta":{}},{"ancestorTitles":["Site Management Integration Tests","GitHub Integration"],"fullName":"Site Management Integration Tests GitHub Integration should load GitHub issues and PRs","status":"passed","title":"should load GitHub issues and PRs","duration":31.450667000000067,"failureMessages":[],"meta":{}},{"ancestorTitles":["Site Management Integration Tests","Content Management"],"fullName":"Site Management Integration Tests Content Management should allow content editing workflow","status":"passed","title":"should allow content editing workflow","duration":16.052458000000115,"failureMessages":[],"meta":{}},{"ancestorTitles":["Site Management Integration Tests","Content Management"],"fullName":"Site Management Integration Tests Content Management should handle content save operations","status":"passed","title":"should handle content save operations","duration":15.60891700000002,"failureMessages":[],"meta":{}},{"ancestorTitles":["Site Management Integration Tests","Build and Deployment"],"fullName":"Site Management Integration Tests Build and Deployment should display build status information","status":"passed","title":"should display build status information","duration":16.59329200000002,"failureMessages":[],"meta":{}},{"ancestorTitles":["Site Management Integration Tests","Build and Deployment"],"fullName":"Site Management Integration Tests Build and Deployment should handle build trigger operations","status":"passed","title":"should handle build trigger operations","duration":15.472166000000016,"failureMessages":[],"meta":{}},{"ancestorTitles":["Site Management Integration Tests","Settings Management"],"fullName":"Site Management Integration Tests Settings Management should load and display site settings","status":"passed","title":"should load and display site settings","duration":17.962666999999783,"failureMessages":[],"meta":{}},{"ancestorTitles":["Site Management Integration Tests","Settings Management"],"fullName":"Site Management Integration Tests Settings Management should handle settings updates","status":"passed","title":"should handle settings updates","duration":15.059958000000279,"failureMessages":[],"meta":{}},{"ancestorTitles":["Site Management Integration Tests","Authentication Integration"],"fullName":"Site Management Integration Tests Authentication Integration should work with authenticated user session","status":"passed","title":"should work with authenticated user session","duration":4.785417000000052,"failureMessages":[],"meta":{}},{"ancestorTitles":["Site Management Integration Tests","Authentication Integration"],"fullName":"Site Management Integration Tests Authentication Integration should handle unauthenticated state","status":"passed","title":"should handle unauthenticated state","duration":3.7239589999999225,"failureMessages":[],"meta":{}},{"ancestorTitles":["Site Management Integration Tests","Error Recovery"],"fullName":"Site Management Integration Tests Error Recovery should recover from temporary API failures","status":"passed","title":"should recover from temporary API failures","duration":3.1702080000000024,"failureMessages":[],"meta":{}},{"ancestorTitles":["Site Management Integration Tests","Error Recovery"],"fullName":"Site Management Integration Tests Error Recovery should handle network timeouts gracefully","status":"passed","title":"should handle network timeouts gracefully","duration":3.4726660000001175,"failureMessages":[],"meta":{}}],"startTime":1751749312913,"endTime":1751749313104.4727,"status":"passed","message":"","name":"/Users/jonphipps/Code/IFLA/standards-dev/apps/admin-portal/src/test/integration/site-management.integration.test.tsx"},{"assertionResults":[{"ancestorTitles":["Navbar Component Integration","Central Theme Components"],"fullName":"Navbar Component Integration Central Theme Components should have AuthDropdownNavbarItem components in central theme","status":"passed","title":"should have AuthDropdownNavbarItem components in central theme","duration":1.4753329999998641,"failureMessages":[],"meta":{}},{"ancestorTitles":["Navbar Component Integration","Central Theme Components"],"fullName":"Navbar Component Integration Central Theme Components should export AuthDropdownNavbarItem from central theme package","status":"passed","title":"should export AuthDropdownNavbarItem from central theme package","duration":0.3515419999998812,"failureMessages":[],"meta":{}},{"ancestorTitles":["Navbar Component Integration","Site Integration"],"fullName":"Navbar Component Integration Site Integration should allow newtest site to import from central theme","status":"passed","title":"should allow newtest site to import from central theme","duration":0.5439160000000811,"failureMessages":[],"meta":{}},{"ancestorTitles":["Navbar Component Integration","Site Integration"],"fullName":"Navbar Component Integration Site Integration should have custom-authDropdown configured in newtest site","status":"passed","title":"should have custom-authDropdown configured in newtest site","duration":0.5173330000000078,"failureMessages":[],"meta":{}},{"ancestorTitles":["Navbar Component Integration","Build Integration"],"fullName":"Navbar Component Integration Build Integration should build newtest site successfully with central theme components","status":"passed","title":"should build newtest site successfully with central theme components","duration":641.7809169999998,"failureMessages":[],"meta":{}},{"ancestorTitles":["Navbar Component Integration","Build Integration"],"fullName":"Navbar Component Integration Build Integration should build theme package successfully","status":"passed","title":"should build theme package successfully","duration":528.3543749999999,"failureMessages":[],"meta":{}},{"ancestorTitles":["Navbar Component Integration","Theme Component Structure"],"fullName":"Navbar Component Integration Theme Component Structure should have proper ComponentTypes structure in central theme","status":"passed","title":"should have proper ComponentTypes structure in central theme","duration":0.2745419999996557,"failureMessages":[],"meta":{}},{"ancestorTitles":["Navbar Component Integration","Theme Component Structure"],"fullName":"Navbar Component Integration Theme Component Structure should have AuthDropdownNavbarItem component in central theme","status":"passed","title":"should have AuthDropdownNavbarItem component in central theme","duration":0.22145799999998417,"failureMessages":[],"meta":{}},{"ancestorTitles":["Navbar Component Integration","Integration Validation"],"fullName":"Navbar Component Integration Integration Validation should validate that all required files exist for proper integration","status":"passed","title":"should validate that all required files exist for proper integration","duration":0.30191599999989194,"failureMessages":[],"meta":{}},{"ancestorTitles":["Navbar Component Integration","Integration Validation"],"fullName":"Navbar Component Integration Integration Validation should validate that theme package exports are properly configured","status":"passed","title":"should validate that theme package exports are properly configured","duration":0.15058399999998073,"failureMessages":[],"meta":{}}],"startTime":1751749310813,"endTime":1751749311987.302,"status":"passed","message":"","name":"/Users/jonphipps/Code/IFLA/standards-dev/packages/theme/src/tests/config/navbarComponentIntegration.test.ts"},{"assertionResults":[{"ancestorTitles":["getSiteConfig","basic functionality"],"fullName":"getSiteConfig basic functionality should return correct config for portal in local environment","status":"passed","title":"should return correct config for portal in local environment","duration":0.2391250000000582,"failureMessages":[],"meta":{}},{"ancestorTitles":["getSiteConfig","basic functionality"],"fullName":"getSiteConfig basic functionality should return correct config for LRM in production environment","status":"passed","title":"should return correct config for LRM in production environment","duration":0.07150000000001455,"failureMessages":[],"meta":{}},{"ancestorTitles":["getSiteConfig","basic functionality"],"fullName":"getSiteConfig basic functionality should return correct config for ISBDM in preview environment","status":"passed","title":"should return correct config for ISBDM in preview environment","duration":0.12304200000016863,"failureMessages":[],"meta":{}},{"ancestorTitles":["getSiteConfig","all sites in all environments"],"fullName":"getSiteConfig all sites in all environments should return valid config for portal in local environment","status":"passed","title":"should return valid config for portal in local environment","duration":0.2533339999999953,"failureMessages":[],"meta":{}},{"ancestorTitles":["getSiteConfig","all sites in all environments"],"fullName":"getSiteConfig all sites in all environments should return valid config for portal in preview environment","status":"passed","title":"should return valid config for portal in preview environment","duration":0.1363339999998061,"failureMessages":[],"meta":{}},{"ancestorTitles":["getSiteConfig","all sites in all environments"],"fullName":"getSiteConfig all sites in all environments should return valid config for portal in development environment","status":"passed","title":"should return valid config for portal in development environment","duration":0.06841699999949924,"failureMessages":[],"meta":{}},{"ancestorTitles":["getSiteConfig","all sites in all environments"],"fullName":"getSiteConfig all sites in all environments should return valid config for portal in production environment","status":"passed","title":"should return valid config for portal in production environment","duration":0.12600000000020373,"failureMessages":[],"meta":{}},{"ancestorTitles":["getSiteConfig","all sites in all environments"],"fullName":"getSiteConfig all sites in all environments should return valid config for ISBDM in local environment","status":"passed","title":"should return valid config for ISBDM in local environment","duration":0.09487499999977445,"failureMessages":[],"meta":{}},{"ancestorTitles":["getSiteConfig","all sites in all environments"],"fullName":"getSiteConfig all sites in all environments should return valid config for ISBDM in preview environment","status":"passed","title":"should return valid config for ISBDM in preview environment","duration":0.15379200000006676,"failureMessages":[],"meta":{}},{"ancestorTitles":["getSiteConfig","all sites in all environments"],"fullName":"getSiteConfig all sites in all environments should return valid config for ISBDM in development environment","status":"passed","title":"should return valid config for ISBDM in development environment","duration":0.059333000000151515,"failureMessages":[],"meta":{}},{"ancestorTitles":["getSiteConfig","all sites in all environments"],"fullName":"getSiteConfig all sites in all environments should return valid config for ISBDM in production environment","status":"passed","title":"should return valid config for ISBDM in production environment","duration":0.05737500000032014,"failureMessages":[],"meta":{}},{"ancestorTitles":["getSiteConfig","all sites in all environments"],"fullName":"getSiteConfig all sites in all environments should return valid config for LRM in local environment","status":"passed","title":"should return valid config for LRM in local environment","duration":0.07750000000032742,"failureMessages":[],"meta":{}},{"ancestorTitles":["getSiteConfig","all sites in all environments"],"fullName":"getSiteConfig all sites in all environments should return valid config for LRM in preview environment","status":"passed","title":"should return valid config for LRM in preview environment","duration":0.06204100000013568,"failureMessages":[],"meta":{}},{"ancestorTitles":["getSiteConfig","all sites in all environments"],"fullName":"getSiteConfig all sites in all environments should return valid config for LRM in development environment","status":"passed","title":"should return valid config for LRM in development environment","duration":0.05574999999953434,"failureMessages":[],"meta":{}},{"ancestorTitles":["getSiteConfig","all sites in all environments"],"fullName":"getSiteConfig all sites in all environments should return valid config for LRM in production environment","status":"passed","title":"should return valid config for LRM in production environment","duration":0.05508300000019517,"failureMessages":[],"meta":{}},{"ancestorTitles":["getSiteConfig","all sites in all environments"],"fullName":"getSiteConfig all sites in all environments should return valid config for FRBR in local environment","status":"passed","title":"should return valid config for FRBR in local environment","duration":0.07654199999979028,"failureMessages":[],"meta":{}},{"ancestorTitles":["getSiteConfig","all sites in all environments"],"fullName":"getSiteConfig all sites in all environments should return valid config for FRBR in preview environment","status":"passed","title":"should return valid config for FRBR in preview environment","duration":0.056582999999591266,"failureMessages":[],"meta":{}},{"ancestorTitles":["getSiteConfig","all sites in all environments"],"fullName":"getSiteConfig all sites in all environments should return valid config for FRBR in development environment","status":"passed","title":"should return valid config for FRBR in development environment","duration":0.053958999999849766,"failureMessages":[],"meta":{}},{"ancestorTitles":["getSiteConfig","all sites in all environments"],"fullName":"getSiteConfig all sites in all environments should return valid config for FRBR in production environment","status":"passed","title":"should return valid config for FRBR in production environment","duration":0.054500000000189175,"failureMessages":[],"meta":{}},{"ancestorTitles":["getSiteConfig","all sites in all environments"],"fullName":"getSiteConfig all sites in all environments should return valid config for isbd in local environment","status":"passed","title":"should return valid config for isbd in local environment","duration":0.07212499999968713,"failureMessages":[],"meta":{}},{"ancestorTitles":["getSiteConfig","all sites in all environments"],"fullName":"getSiteConfig all sites in all environments should return valid config for isbd in preview environment","status":"passed","title":"should return valid config for isbd in preview environment","duration":0.05462500000066939,"failureMessages":[],"meta":{}},{"ancestorTitles":["getSiteConfig","all sites in all environments"],"fullName":"getSiteConfig all sites in all environments should return valid config for isbd in development environment","status":"passed","title":"should return valid config for isbd in development environment","duration":0.05399999999917782,"failureMessages":[],"meta":{}},{"ancestorTitles":["getSiteConfig","all sites in all environments"],"fullName":"getSiteConfig all sites in all environments should return valid config for isbd in production environment","status":"passed","title":"should return valid config for isbd in production environment","duration":0.05474999999933061,"failureMessages":[],"meta":{}},{"ancestorTitles":["getSiteConfig","all sites in all environments"],"fullName":"getSiteConfig all sites in all environments should return valid config for muldicat in local environment","status":"passed","title":"should return valid config for muldicat in local environment","duration":0.07379200000013952,"failureMessages":[],"meta":{}},{"ancestorTitles":["getSiteConfig","all sites in all environments"],"fullName":"getSiteConfig all sites in all environments should return valid config for muldicat in preview environment","status":"passed","title":"should return valid config for muldicat in preview environment","duration":0.05445800000052259,"failureMessages":[],"meta":{}},{"ancestorTitles":["getSiteConfig","all sites in all environments"],"fullName":"getSiteConfig all sites in all environments should return valid config for muldicat in development environment","status":"passed","title":"should return valid config for muldicat in development environment","duration":0.05412499999965803,"failureMessages":[],"meta":{}},{"ancestorTitles":["getSiteConfig","all sites in all environments"],"fullName":"getSiteConfig all sites in all environments should return valid config for muldicat in production environment","status":"passed","title":"should return valid config for muldicat in production environment","duration":0.053791000000273925,"failureMessages":[],"meta":{}},{"ancestorTitles":["getSiteConfig","all sites in all environments"],"fullName":"getSiteConfig all sites in all environments should return valid config for unimarc in local environment","status":"passed","title":"should return valid config for unimarc in local environment","duration":0.07166700000016135,"failureMessages":[],"meta":{}},{"ancestorTitles":["getSiteConfig","all sites in all environments"],"fullName":"getSiteConfig all sites in all environments should return valid config for unimarc in preview environment","status":"passed","title":"should return valid config for unimarc in preview environment","duration":0.05587500000001455,"failureMessages":[],"meta":{}},{"ancestorTitles":["getSiteConfig","all sites in all environments"],"fullName":"getSiteConfig all sites in all environments should return valid config for unimarc in development environment","status":"passed","title":"should return valid config for unimarc in development environment","duration":0.16449999999986176,"failureMessages":[],"meta":{}},{"ancestorTitles":["getSiteConfig","all sites in all environments"],"fullName":"getSiteConfig all sites in all environments should return valid config for unimarc in production environment","status":"passed","title":"should return valid config for unimarc in production environment","duration":0.05741699999998673,"failureMessages":[],"meta":{}},{"ancestorTitles":["getSiteConfig","all sites in all environments"],"fullName":"getSiteConfig all sites in all environments should return valid config for newtest in local environment","status":"passed","title":"should return valid config for newtest in local environment","duration":0.07208399999944959,"failureMessages":[],"meta":{}},{"ancestorTitles":["getSiteConfig","all sites in all environments"],"fullName":"getSiteConfig all sites in all environments should return valid config for newtest in preview environment","status":"passed","title":"should return valid config for newtest in preview environment","duration":0.05437499999970896,"failureMessages":[],"meta":{}},{"ancestorTitles":["getSiteConfig","all sites in all environments"],"fullName":"getSiteConfig all sites in all environments should return valid config for newtest in development environment","status":"passed","title":"should return valid config for newtest in development environment","duration":0.05604200000016135,"failureMessages":[],"meta":{}},{"ancestorTitles":["getSiteConfig","all sites in all environments"],"fullName":"getSiteConfig all sites in all environments should return valid config for newtest in production environment","status":"passed","title":"should return valid config for newtest in production environment","duration":0.05495900000005349,"failureMessages":[],"meta":{}},{"ancestorTitles":["getSiteConfig","error handling"],"fullName":"getSiteConfig error handling should throw error for invalid site key","status":"passed","title":"should throw error for invalid site key","duration":0.14270900000065012,"failureMessages":[],"meta":{}},{"ancestorTitles":["getSiteConfig","error handling"],"fullName":"getSiteConfig error handling should throw error for invalid environment","status":"passed","title":"should throw error for invalid environment","duration":0.07012500000018917,"failureMessages":[],"meta":{}},{"ancestorTitles":["getSiteConfig","URL structure validation"],"fullName":"getSiteConfig URL structure validation should use localhost URLs for local environment","status":"passed","title":"should use localhost URLs for local environment","duration":0.22862499999973807,"failureMessages":[],"meta":{}},{"ancestorTitles":["getSiteConfig","URL structure validation"],"fullName":"getSiteConfig URL structure validation should use production URLs for production environment","status":"passed","title":"should use production URLs for production environment","duration":0.11670800000047166,"failureMessages":[],"meta":{}},{"ancestorTitles":["getSiteConfig","URL structure validation"],"fullName":"getSiteConfig URL structure validation should use GitHub Pages URLs for preview environment","status":"passed","title":"should use GitHub Pages URLs for preview environment","duration":0.22087499999997817,"failureMessages":[],"meta":{}}],"startTime":1751749314770,"endTime":1751749314774.221,"status":"passed","message":"","name":"/Users/jonphipps/Code/IFLA/standards-dev/packages/theme/src/tests/config/siteConfig.test.ts"},{"assertionResults":[{"ancestorTitles":["External Service Connectivity","Google Services"],"fullName":"External Service Connectivity Google Services should have Google Sheets credentials available (when not from fork)","status":"passed","title":"should have Google Sheets credentials available (when not from fork)","duration":0.10654200000044511,"failureMessages":[],"meta":{}},{"ancestorTitles":["External Service Connectivity","Google Services"],"fullName":"External Service Connectivity Google Services should be able to make a basic Google Sheets API request","status":"passed","title":"should be able to make a basic Google Sheets API request","duration":0.12200000000029831,"failureMessages":[],"meta":{}},{"ancestorTitles":["External Service Connectivity","GitHub API"],"fullName":"External Service Connectivity GitHub API should have GitHub token available (when not from fork)","status":"passed","title":"should have GitHub token available (when not from fork)","duration":0.04745900000034453,"failureMessages":[],"meta":{}}],"startTime":1751749314817,"endTime":1751749314818.0474,"status":"passed","message":"","name":"/Users/jonphipps/Code/IFLA/standards-dev/packages/theme/src/tests/deployment/external-services.test.ts"},{"assertionResults":[{"ancestorTitles":["DownloadPanel"],"fullName":"DownloadPanel renders with default content","status":"passed","title":"renders with default content","duration":2.136750000000575,"failureMessages":[],"meta":{}},{"ancestorTitles":["DownloadPanel"],"fullName":"DownloadPanel shows \"Coming Soon\" buttons when no URLs are provided","status":"passed","title":"shows \"Coming Soon\" buttons when no URLs are provided","duration":2.0514579999999114,"failureMessages":[],"meta":{}},{"ancestorTitles":["DownloadPanel"],"fullName":"DownloadPanel renders active download links when URLs are provided","status":"passed","title":"renders active download links when URLs are provided","duration":2.0086249999994834,"failureMessages":[],"meta":{}},{"ancestorTitles":["DownloadPanel"],"fullName":"DownloadPanel handles partial URL configuration","status":"passed","title":"handles partial URL configuration","duration":1.3582500000002256,"failureMessages":[],"meta":{}},{"ancestorTitles":["DownloadPanel"],"fullName":"DownloadPanel applies custom className","status":"passed","title":"applies custom className","duration":0.7445829999996931,"failureMessages":[],"meta":{}},{"ancestorTitles":["DownloadPanel"],"fullName":"DownloadPanel has proper button styling classes","status":"passed","title":"has proper button styling classes","duration":0.88483400000041,"failureMessages":[],"meta":{}},{"ancestorTitles":["DownloadPanel"],"fullName":"DownloadPanel has proper RDF button styling classes","status":"passed","title":"has proper RDF button styling classes","duration":0.8207079999992857,"failureMessages":[],"meta":{}},{"ancestorTitles":["DownloadPanel"],"fullName":"DownloadPanel renders all format sections with proper headings","status":"passed","title":"renders all format sections with proper headings","duration":3.328208999999333,"failureMessages":[],"meta":{}}],"startTime":1751749314530,"endTime":1751749314543.3281,"status":"passed","message":"","name":"/Users/jonphipps/Code/IFLA/standards-dev/packages/theme/src/tests/components/DownloadPanel.test.tsx"},{"assertionResults":[{"ancestorTitles":["ElementReference - URI Generation Logic Tests","URI Prefix Logic"],"fullName":"ElementReference - URI Generation Logic Tests URI Prefix Logic should correctly determine prefix based on element type","status":"passed","title":"should correctly determine prefix based on element type","duration":0.22204099999999016,"failureMessages":[],"meta":{}},{"ancestorTitles":["ElementReference - URI Generation Logic Tests","URI Prefix Logic"],"fullName":"ElementReference - URI Generation Logic Tests URI Prefix Logic should generate correct full URI based on type and ID","status":"passed","title":"should generate correct full URI based on type and ID","duration":0.07391700000061974,"failureMessages":[],"meta":{}},{"ancestorTitles":["ElementReference - URI Generation Logic Tests","Type Normalization Logic"],"fullName":"ElementReference - URI Generation Logic Tests Type Normalization Logic should normalize RDF types correctly","status":"passed","title":"should normalize RDF types correctly","duration":0.17924999999922875,"failureMessages":[],"meta":{}},{"ancestorTitles":["ElementReference - URI Generation Logic Tests","Element Relationship Processing"],"fullName":"ElementReference - URI Generation Logic Tests Element Relationship Processing should convert elementSuperType to subPropertyOf","status":"passed","title":"should convert elementSuperType to subPropertyOf","duration":0.2824170000003505,"failureMessages":[],"meta":{}},{"ancestorTitles":["ElementReference - URI Generation Logic Tests","Element Relationship Processing"],"fullName":"ElementReference - URI Generation Logic Tests Element Relationship Processing should handle inverseOf relationships","status":"passed","title":"should handle inverseOf relationships","duration":0.11108400000011898,"failureMessages":[],"meta":{}},{"ancestorTitles":["ElementReference - URI Generation Logic Tests","Table Field Filtering"],"fullName":"ElementReference - URI Generation Logic Tests Table Field Filtering should filter out fields that should not appear in table","status":"passed","title":"should filter out fields that should not appear in table","duration":0.1014580000000933,"failureMessages":[],"meta":{}},{"ancestorTitles":["ElementReference - URI Generation Logic Tests","RDF Serialization Logic"],"fullName":"ElementReference - URI Generation Logic Tests RDF Serialization Logic should generate correct JSON-LD structure","status":"passed","title":"should generate correct JSON-LD structure","duration":0.09933399999954418,"failureMessages":[],"meta":{}},{"ancestorTitles":["ElementReference - URI Generation Logic Tests","RDF Serialization Logic"],"fullName":"ElementReference - URI Generation Logic Tests RDF Serialization Logic should generate correct Turtle syntax","status":"passed","title":"should generate correct Turtle syntax","duration":0.056167000000641565,"failureMessages":[],"meta":{}},{"ancestorTitles":["ElementReference - URI Generation Logic Tests","RDF Serialization Logic"],"fullName":"ElementReference - URI Generation Logic Tests RDF Serialization Logic should generate correct RDF/XML type elements","status":"passed","title":"should generate correct RDF/XML type elements","duration":0.0674589999998716,"failureMessages":[],"meta":{}},{"ancestorTitles":["ElementReference - URI Generation Logic Tests","Deprecation Handling"],"fullName":"ElementReference - URI Generation Logic Tests Deprecation Handling should determine deprecation status correctly","status":"passed","title":"should determine deprecation status correctly","duration":0.07924999999977445,"failureMessages":[],"meta":{}},{"ancestorTitles":["ElementReference - URI Generation Logic Tests","Deprecation Handling"],"fullName":"ElementReference - URI Generation Logic Tests Deprecation Handling should extract deprecation version info","status":"passed","title":"should extract deprecation version info","duration":0.08970899999985704,"failureMessages":[],"meta":{}},{"ancestorTitles":["ElementReference - URI Generation Logic Tests","Component Integration Tests"],"fullName":"ElementReference - URI Generation Logic Tests Component Integration Tests should render correct URI for different types","status":"passed","title":"should render correct URI for different types","duration":3.6386670000001686,"failureMessages":[],"meta":{}},{"ancestorTitles":["ElementReference - URI Generation Logic Tests","Component Integration Tests"],"fullName":"ElementReference - URI Generation Logic Tests Component Integration Tests should handle tab switching correctly","status":"passed","title":"should handle tab switching correctly","duration":1.907333999999537,"failureMessages":[],"meta":{}},{"ancestorTitles":["ElementReference - URI Generation Logic Tests","Component Integration Tests"],"fullName":"ElementReference - URI Generation Logic Tests Component Integration Tests should handle missing optional fields gracefully","status":"passed","title":"should handle missing optional fields gracefully","duration":2.079458999999588,"failureMessages":[],"meta":{}},{"ancestorTitles":["ElementReference - URI Generation Logic Tests","Component Integration Tests"],"fullName":"ElementReference - URI Generation Logic Tests Component Integration Tests should escape special characters in output","status":"passed","title":"should escape special characters in output","duration":2.00195900000017,"failureMessages":[],"meta":{}}],"startTime":1751749314609,"endTime":1751749314620.002,"status":"passed","message":"","name":"/Users/jonphipps/Code/IFLA/standards-dev/packages/theme/src/tests/components/ElementReference-improved.test.tsx"},{"assertionResults":[{"ancestorTitles":["ElementReference component","URI generation by type"],"fullName":"ElementReference component URI generation by type generates Class URI with C prefix for type:Class","status":"passed","title":"generates Class URI with C prefix for type:Class","duration":4.220416000000114,"failureMessages":[],"meta":{}},{"ancestorTitles":["ElementReference component","URI generation by type"],"fullName":"ElementReference component URI generation by type generates Class URI with C prefix for type with mixed case \"class\"","status":"passed","title":"generates Class URI with C prefix for type with mixed case \"class\"","duration":2.914542000000438,"failureMessages":[],"meta":{}},{"ancestorTitles":["ElementReference component","URI generation by type"],"fullName":"ElementReference component URI generation by type generates Property URI with P prefix for type:DatatypeProperty","status":"passed","title":"generates Property URI with P prefix for type:DatatypeProperty","duration":2.627042000000074,"failureMessages":[],"meta":{}},{"ancestorTitles":["ElementReference component","URI generation by type"],"fullName":"ElementReference component URI generation by type generates Property URI with P prefix for type:ObjectProperty","status":"passed","title":"generates Property URI with P prefix for type:ObjectProperty","duration":2.92200000000048,"failureMessages":[],"meta":{}},{"ancestorTitles":["ElementReference component","URI generation by type"],"fullName":"ElementReference component URI generation by type generates Property URI with P prefix for type:Property","status":"passed","title":"generates Property URI with P prefix for type:Property","duration":2.6657500000001164,"failureMessages":[],"meta":{}},{"ancestorTitles":["ElementReference component","URI generation by type"],"fullName":"ElementReference component URI generation by type uses config values from docusaurus.config.ts for URI generation","status":"passed","title":"uses config values from docusaurus.config.ts for URI generation","duration":2.505417000000307,"failureMessages":[],"meta":{}},{"ancestorTitles":["ElementReference component","RDF serialization formats by type"],"fullName":"ElementReference component RDF serialization formats by type generates proper JSON-LD for Class types","status":"passed","title":"generates proper JSON-LD for Class types","duration":2.010291999999936,"failureMessages":[],"meta":{}},{"ancestorTitles":["ElementReference component","RDF serialization formats by type"],"fullName":"ElementReference component RDF serialization formats by type generates proper JSON-LD for ObjectProperty types","status":"passed","title":"generates proper JSON-LD for ObjectProperty types","duration":2.1674580000008064,"failureMessages":[],"meta":{}},{"ancestorTitles":["ElementReference component","RDF serialization formats by type"],"fullName":"ElementReference component RDF serialization formats by type generates proper Turtle for Class types","status":"passed","title":"generates proper Turtle for Class types","duration":2.4685830000007627,"failureMessages":[],"meta":{}},{"ancestorTitles":["ElementReference component","RDF serialization formats by type"],"fullName":"ElementReference component RDF serialization formats by type generates proper RDF/XML for Class types","status":"passed","title":"generates proper RDF/XML for Class types","duration":1.8649999999997817,"failureMessages":[],"meta":{}},{"ancestorTitles":["ElementReference component","Properties table and RDF rendering tests"],"fullName":"ElementReference component Properties table and RDF rendering tests does not render isDefinedBy in the table but includes it in RDF","status":"passed","title":"does not render isDefinedBy in the table but includes it in RDF","duration":4.553541999999652,"failureMessages":[],"meta":{}},{"ancestorTitles":["ElementReference component","Properties table and RDF rendering tests"],"fullName":"ElementReference component Properties table and RDF rendering tests does not render subPropertyOf in the table but includes it in RDF","status":"passed","title":"does not render subPropertyOf in the table but includes it in RDF","duration":2.562249999999949,"failureMessages":[],"meta":{}},{"ancestorTitles":["ElementReference component","Properties table and RDF rendering tests"],"fullName":"ElementReference component Properties table and RDF rendering tests does not include upper_value in JSON-LD output","status":"passed","title":"does not include upper_value in JSON-LD output","duration":2.0616250000002765,"failureMessages":[],"meta":{}},{"ancestorTitles":["ElementReference component","Component rendering with templated frontmatter structure"],"fullName":"ElementReference component Component rendering with templated frontmatter structure renders with templated frontmatter structure correctly","status":"passed","title":"renders with templated frontmatter structure correctly","duration":2.9491250000000946,"failureMessages":[],"meta":{}},{"ancestorTitles":["ElementReference component","Component rendering with templated frontmatter structure"],"fullName":"ElementReference component Component rendering with templated frontmatter structure renders all expected fields from templated frontmatter","status":"passed","title":"renders all expected fields from templated frontmatter","duration":3.9064580000003843,"failureMessages":[],"meta":{}},{"ancestorTitles":["ElementReference component","Individual attribute tests with templated frontmatter"],"fullName":"ElementReference component Individual attribute tests with templated frontmatter renders definition correctly","status":"passed","title":"renders definition correctly","duration":2.3053749999999127,"failureMessages":[],"meta":{}},{"ancestorTitles":["ElementReference component","Individual attribute tests with templated frontmatter"],"fullName":"ElementReference component Individual attribute tests with templated frontmatter renders scope note correctly","status":"passed","title":"renders scope note correctly","duration":2.4281249999994543,"failureMessages":[],"meta":{}},{"ancestorTitles":["ElementReference component","Individual attribute tests with templated frontmatter"],"fullName":"ElementReference component Individual attribute tests with templated frontmatter renders domain correctly","status":"passed","title":"renders domain correctly","duration":2.390291000000616,"failureMessages":[],"meta":{}},{"ancestorTitles":["ElementReference component","Individual attribute tests with templated frontmatter"],"fullName":"ElementReference component Individual attribute tests with templated frontmatter renders range correctly","status":"passed","title":"renders range correctly","duration":2.0973750000002838,"failureMessages":[],"meta":{}},{"ancestorTitles":["ElementReference component","Individual attribute tests with templated frontmatter"],"fullName":"ElementReference component Individual attribute tests with templated frontmatter renders type correctly","status":"passed","title":"renders type correctly","duration":1.90362499999992,"failureMessages":[],"meta":{}},{"ancestorTitles":["ElementReference component","Relationship tests with templated frontmatter"],"fullName":"ElementReference component Relationship tests with templated frontmatter renders elementSubType correctly","status":"passed","title":"renders elementSubType correctly","duration":4.560375000000022,"failureMessages":[],"meta":{}},{"ancestorTitles":["ElementReference component","Relationship tests with templated frontmatter"],"fullName":"ElementReference component Relationship tests with templated frontmatter renders elementSuperType correctly and converts to subPropertyOf","status":"passed","title":"renders elementSuperType correctly and converts to subPropertyOf","duration":2.5932089999996606,"failureMessages":[],"meta":{}},{"ancestorTitles":["ElementReference component","Deprecation tests with templated frontmatter"],"fullName":"ElementReference component Deprecation tests with templated frontmatter renders deprecation warning when deprecated is true at root level","status":"passed","title":"renders deprecation warning when deprecated is true at root level","duration":1.9737920000006852,"failureMessages":[],"meta":{}},{"ancestorTitles":["ElementReference component","Deprecation tests with templated frontmatter"],"fullName":"ElementReference component Deprecation tests with templated frontmatter renders deprecatedInVersion correctly from root level","status":"passed","title":"renders deprecatedInVersion correctly from root level","duration":3.0396670000000086,"failureMessages":[],"meta":{}},{"ancestorTitles":["ElementReference component","Deprecation tests with templated frontmatter"],"fullName":"ElementReference component Deprecation tests with templated frontmatter renders willBeRemovedInVersion correctly from root level","status":"passed","title":"renders willBeRemovedInVersion correctly from root level","duration":3.355207999999948,"failureMessages":[],"meta":{}},{"ancestorTitles":["ElementReference component","RDF representation tests with templated frontmatter"],"fullName":"ElementReference component RDF representation tests with templated frontmatter generates all RDF formats correctly","status":"passed","title":"generates all RDF formats correctly","duration":3.3530420000006416,"failureMessages":[],"meta":{}}],"startTime":1751749313642,"endTime":1751749313715.353,"status":"passed","message":"","name":"/Users/jonphipps/Code/IFLA/standards-dev/packages/theme/src/tests/components/ElementReference.test.tsx"},{"assertionResults":[{"ancestorTitles":["ExampleTable"],"fullName":"ExampleTable renders all entries correctly","status":"passed","title":"renders all entries correctly","duration":3.0211669999998776,"failureMessages":[],"meta":{}},{"ancestorTitles":["ExampleTable"],"fullName":"ExampleTable renders detail buttons only for entries with details","status":"passed","title":"renders detail buttons only for entries with details","duration":1.1099169999997684,"failureMessages":[],"meta":{}},{"ancestorTitles":["ExampleTable"],"fullName":"ExampleTable shows details when button is clicked","status":"passed","title":"shows details when button is clicked","duration":3.509374999999636,"failureMessages":[],"meta":{}},{"ancestorTitles":["ExampleTable"],"fullName":"ExampleTable hides details when button is clicked again","status":"passed","title":"hides details when button is clicked again","duration":3.831416999999419,"failureMessages":[],"meta":{}},{"ancestorTitles":["ExampleTable"],"fullName":"ExampleTable applies correct classes to elements","status":"passed","title":"applies correct classes to elements","duration":1.113208000000668,"failureMessages":[],"meta":{}}],"startTime":1751749314582,"endTime":1751749314595.1133,"status":"passed","message":"","name":"/Users/jonphipps/Code/IFLA/standards-dev/packages/theme/src/tests/components/ExampleTable.test.tsx"},{"assertionResults":[{"ancestorTitles":["Figure Component"],"fullName":"Figure Component renders with required props","status":"passed","title":"renders with required props","duration":2.275582999999642,"failureMessages":[],"meta":{}},{"ancestorTitles":["Figure Component"],"fullName":"Figure Component renders with all props","status":"passed","title":"renders with all props","duration":1.7017500000001746,"failureMessages":[],"meta":{}},{"ancestorTitles":["Figure Component"],"fullName":"Figure Component processes image paths with useBaseUrl","status":"passed","title":"processes image paths with useBaseUrl","duration":1.5406249999996362,"failureMessages":[],"meta":{}},{"ancestorTitles":["Figure Component"],"fullName":"Figure Component has proper ARIA attributes for accessibility","status":"passed","title":"has proper ARIA attributes for accessibility","duration":1.7015830000000278,"failureMessages":[],"meta":{}},{"ancestorTitles":["Figure Component"],"fullName":"Figure Component passes accessibility test","status":"passed","title":"passes accessibility test","duration":11.274000000000342,"failureMessages":[],"meta":{}},{"ancestorTitles":["Figure Component"],"fullName":"Figure Component handles missing alt text by using caption","status":"passed","title":"handles missing alt text by using caption","duration":2.0258330000006026,"failureMessages":[],"meta":{}}],"startTime":1751749314316,"endTime":1751749314336.026,"status":"passed","message":"","name":"/Users/jonphipps/Code/IFLA/standards-dev/packages/theme/src/tests/components/Figure.test.tsx"},{"assertionResults":[{"ancestorTitles":["InLink Component - Real Functionality Tests","Smart Wrapping Logic"],"fullName":"InLink Component - Real Functionality Tests Smart Wrapping Logic should implement zero-width space insertion correctly","status":"passed","title":"should implement zero-width space insertion correctly","duration":0.17787500000031287,"failureMessages":[],"meta":{}},{"ancestorTitles":["InLink Component - Real Functionality Tests","Smart Wrapping Logic"],"fullName":"InLink Component - Real Functionality Tests Smart Wrapping Logic should handle nested React elements correctly","status":"passed","title":"should handle nested React elements correctly","duration":0.20616599999993923,"failureMessages":[],"meta":{}},{"ancestorTitles":["InLink Component - Real Functionality Tests","Smart Wrapping Logic"],"fullName":"InLink Component - Real Functionality Tests Smart Wrapping Logic should preserve text without parentheses","status":"passed","title":"should preserve text without parentheses","duration":0.10695800000030431,"failureMessages":[],"meta":{}},{"ancestorTitles":["InLink Component - Real Functionality Tests","Smart Wrapping Logic"],"fullName":"InLink Component - Real Functionality Tests Smart Wrapping Logic should handle edge cases in parentheses placement","status":"passed","title":"should handle edge cases in parentheses placement","duration":0.13133399999969697,"failureMessages":[],"meta":{}},{"ancestorTitles":["InLink Component - Real Functionality Tests","URL Processing Logic"],"fullName":"InLink Component - Real Functionality Tests URL Processing Logic should handle different URL formats correctly","status":"passed","title":"should handle different URL formats correctly","duration":0.09416700000019773,"failureMessages":[],"meta":{}},{"ancestorTitles":["InLink Component - Real Functionality Tests","URL Processing Logic"],"fullName":"InLink Component - Real Functionality Tests URL Processing Logic should preserve URL query parameters and fragments","status":"passed","title":"should preserve URL query parameters and fragments","duration":0.10325000000011642,"failureMessages":[],"meta":{}},{"ancestorTitles":["InLink Component - Real Functionality Tests","Component Integration"],"fullName":"InLink Component - Real Functionality Tests Component Integration should combine URL processing and smart wrapping","status":"passed","title":"should combine URL processing and smart wrapping","duration":0.9295419999998558,"failureMessages":[],"meta":{}},{"ancestorTitles":["InLink Component - Real Functionality Tests","Component Integration"],"fullName":"InLink Component - Real Functionality Tests Component Integration should handle complex nested structures","status":"passed","title":"should handle complex nested structures","duration":0.7875829999993584,"failureMessages":[],"meta":{}},{"ancestorTitles":["InLink Component - Real Functionality Tests","Component Integration"],"fullName":"InLink Component - Real Functionality Tests Component Integration should maintain React element props and structure","status":"passed","title":"should maintain React element props and structure","duration":0.5292920000001686,"failureMessages":[],"meta":{}},{"ancestorTitles":["InLink Component - Real Functionality Tests","Performance Considerations"],"fullName":"InLink Component - Real Functionality Tests Performance Considerations should handle large text efficiently","status":"passed","title":"should handle large text efficiently","duration":0.37154199999986304,"failureMessages":[],"meta":{}},{"ancestorTitles":["InLink Component - Real Functionality Tests","Performance Considerations"],"fullName":"InLink Component - Real Functionality Tests Performance Considerations should handle deeply nested structures","status":"passed","title":"should handle deeply nested structures","duration":0.6257079999995767,"failureMessages":[],"meta":{}},{"ancestorTitles":["InLink Component - Real Functionality Tests","Accessibility"],"fullName":"InLink Component - Real Functionality Tests Accessibility should not affect screen reader behavior","status":"passed","title":"should not affect screen reader behavior","duration":0.32462499999928696,"failureMessages":[],"meta":{}},{"ancestorTitles":["InLink Component - Real Functionality Tests","Accessibility"],"fullName":"InLink Component - Real Functionality Tests Accessibility should maintain proper link semantics","status":"passed","title":"should maintain proper link semantics","duration":7.777124999999614,"failureMessages":[],"meta":{}},{"ancestorTitles":["InLink Component - Real Functionality Tests","CSS and Styling"],"fullName":"InLink Component - Real Functionality Tests CSS and Styling should apply correct classes","status":"passed","title":"should apply correct classes","duration":0.7883750000000873,"failureMessages":[],"meta":{}},{"ancestorTitles":["InLink Component - Real Functionality Tests","CSS and Styling"],"fullName":"InLink Component - Real Functionality Tests CSS and Styling should handle style props if supported","status":"passed","title":"should handle style props if supported","duration":0.38904100000036124,"failureMessages":[],"meta":{}},{"ancestorTitles":["InLink Component - Real Functionality Tests","Error Handling"],"fullName":"InLink Component - Real Functionality Tests Error Handling should handle null or undefined children gracefully","status":"passed","title":"should handle null or undefined children gracefully","duration":0.3648329999996349,"failureMessages":[],"meta":{}},{"ancestorTitles":["InLink Component - Real Functionality Tests","Error Handling"],"fullName":"InLink Component - Real Functionality Tests Error Handling should handle missing href gracefully","status":"passed","title":"should handle missing href gracefully","duration":0.35545899999942776,"failureMessages":[],"meta":{}}],"startTime":1751749314470,"endTime":1751749314484.3892,"status":"passed","message":"","name":"/Users/jonphipps/Code/IFLA/standards-dev/packages/theme/src/tests/components/InLink-improved.test.tsx"},{"assertionResults":[{"ancestorTitles":["InLink Component"],"fullName":"InLink Component renders with required props","status":"passed","title":"renders with required props","duration":1.2312919999994847,"failureMessages":[],"meta":{}},{"ancestorTitles":["InLink Component"],"fullName":"InLink Component processes URLs with useBaseUrl","status":"passed","title":"processes URLs with useBaseUrl","duration":0.4976249999999709,"failureMessages":[],"meta":{}},{"ancestorTitles":["InLink Component"],"fullName":"InLink Component applies only custom className when provided (no default styles)","status":"passed","title":"applies only custom className when provided (no default styles)","duration":0.433458000000428,"failureMessages":[],"meta":{}},{"ancestorTitles":["InLink Component"],"fullName":"InLink Component updates rendered class when className prop changes","status":"passed","title":"updates rendered class when className prop changes","duration":0.6233750000001237,"failureMessages":[],"meta":{}},{"ancestorTitles":["InLink Component"],"fullName":"InLink Component updates className when multiple props change simultaneously","status":"passed","title":"updates className when multiple props change simultaneously","duration":0.6672499999995125,"failureMessages":[],"meta":{}},{"ancestorTitles":["InLink Component"],"fullName":"InLink Component handles className changes with smartWrap enabled and disabled","status":"passed","title":"handles className changes with smartWrap enabled and disabled","duration":0.7625410000000556,"failureMessages":[],"meta":{}},{"ancestorTitles":["InLink Component"],"fullName":"InLink Component properly manages default vs custom classes when className changes","status":"passed","title":"properly manages default vs custom classes when className changes","duration":0.732375000000502,"failureMessages":[],"meta":{}},{"ancestorTitles":["InLink Component"],"fullName":"InLink Component renders with complex children","status":"passed","title":"renders with complex children","duration":0.5508340000005774,"failureMessages":[],"meta":{}},{"ancestorTitles":["InLink Component"],"fullName":"InLink Component preserves href with query parameters","status":"passed","title":"preserves href with query parameters","duration":0.35025000000041473,"failureMessages":[],"meta":{}},{"ancestorTitles":["InLink Component","Smart wrapping functionality"],"fullName":"InLink Component Smart wrapping functionality adds zero-width spaces before parentheses by default","status":"passed","title":"adds zero-width spaces before parentheses by default","duration":0.3514580000000933,"failureMessages":[],"meta":{}},{"ancestorTitles":["InLink Component","Smart wrapping functionality"],"fullName":"InLink Component Smart wrapping functionality handles multiple parentheses in text","status":"passed","title":"handles multiple parentheses in text","duration":0.3127090000007229,"failureMessages":[],"meta":{}},{"ancestorTitles":["InLink Component","Smart wrapping functionality"],"fullName":"InLink Component Smart wrapping functionality processes text within nested elements","status":"passed","title":"processes text within nested elements","duration":2.093374999999469,"failureMessages":[],"meta":{}},{"ancestorTitles":["InLink Component","Smart wrapping functionality"],"fullName":"InLink Component Smart wrapping functionality does not add zero-width spaces when smartWrap is false","status":"passed","title":"does not add zero-width spaces when smartWrap is false","duration":0.5427499999996144,"failureMessages":[],"meta":{}},{"ancestorTitles":["InLink Component","Smart wrapping functionality"],"fullName":"InLink Component Smart wrapping functionality preserves text with no parentheses unchanged","status":"passed","title":"preserves text with no parentheses unchanged","duration":0.3547079999998459,"failureMessages":[],"meta":{}},{"ancestorTitles":["InLink Component","Smart wrapping functionality"],"fullName":"InLink Component Smart wrapping functionality handles empty parentheses correctly","status":"passed","title":"handles empty parentheses correctly","duration":0.31362499999977445,"failureMessages":[],"meta":{}},{"ancestorTitles":["InLink Component","Smart wrapping functionality"],"fullName":"InLink Component Smart wrapping functionality works with mixed content including text and elements","status":"passed","title":"works with mixed content including text and elements","duration":0.4762909999999465,"failureMessages":[],"meta":{}},{"ancestorTitles":["InLink Component"],"fullName":"InLink Component applies correct CSS module classes when no custom className provided","status":"passed","title":"applies correct CSS module classes when no custom className provided","duration":0.3522499999999127,"failureMessages":[],"meta":{}},{"ancestorTitles":["InLink Component"],"fullName":"InLink Component passes accessibility tests","status":"passed","title":"passes accessibility tests","duration":6.9620840000006865,"failureMessages":[],"meta":{}},{"ancestorTitles":["InLink Component"],"fullName":"InLink Component passes accessibility tests with smart wrapping","status":"passed","title":"passes accessibility tests with smart wrapping","duration":7.039707999999337,"failureMessages":[],"meta":{}}],"startTime":1751749314163,"endTime":1751749314188.0398,"status":"passed","message":"","name":"/Users/jonphipps/Code/IFLA/standards-dev/packages/theme/src/tests/components/InLink.test.tsx"},{"assertionResults":[{"ancestorTitles":["Mandatory Component"],"fullName":"Mandatory Component renders with default props","status":"passed","title":"renders with default props","duration":2.4541249999992942,"failureMessages":[],"meta":{}},{"ancestorTitles":["Mandatory Component"],"fullName":"Mandatory Component renders with custom props","status":"passed","title":"renders with custom props","duration":1.453708000000006,"failureMessages":[],"meta":{}},{"ancestorTitles":["Mandatory Component"],"fullName":"Mandatory Component processes link through useBaseUrl","status":"passed","title":"processes link through useBaseUrl","duration":1.2051659999997355,"failureMessages":[],"meta":{}},{"ancestorTitles":["Mandatory Component"],"fullName":"Mandatory Component has proper accessibility attributes","status":"passed","title":"has proper accessibility attributes","duration":1.9387910000004922,"failureMessages":[],"meta":{}},{"ancestorTitles":["Mandatory Component"],"fullName":"Mandatory Component applies additional className when provided","status":"passed","title":"applies additional className when provided","duration":0.48679100000026665,"failureMessages":[],"meta":{}},{"ancestorTitles":["Mandatory Component"],"fullName":"Mandatory Component passes accessibility test","status":"passed","title":"passes accessibility test","duration":9.561958000000232,"failureMessages":[],"meta":{}}],"startTime":1751749314494,"endTime":1751749314511.562,"status":"passed","message":"","name":"/Users/jonphipps/Code/IFLA/standards-dev/packages/theme/src/tests/components/Mandatory.test.tsx"},{"assertionResults":[{"ancestorTitles":["OutLink Component"],"fullName":"OutLink Component renders with required props","status":"passed","title":"renders with required props","duration":1.6853750000000218,"failureMessages":[],"meta":{}},{"ancestorTitles":["OutLink Component"],"fullName":"OutLink Component renders internal link correctly","status":"passed","title":"renders internal link correctly","duration":0.4903329999997368,"failureMessages":[],"meta":{}},{"ancestorTitles":["OutLink Component"],"fullName":"OutLink Component handles external prop override","status":"passed","title":"handles external prop override","duration":0.6367079999999987,"failureMessages":[],"meta":{}},{"ancestorTitles":["OutLink Component"],"fullName":"OutLink Component processes internal links with useBaseUrl","status":"passed","title":"processes internal links with useBaseUrl","duration":0.36370800000076997,"failureMessages":[],"meta":{}},{"ancestorTitles":["OutLink Component"],"fullName":"OutLink Component adds proper accessibility attributes for external links","status":"passed","title":"adds proper accessibility attributes for external links","duration":0.6960420000004888,"failureMessages":[],"meta":{}},{"ancestorTitles":["OutLink Component"],"fullName":"OutLink Component applies additional className when provided","status":"passed","title":"applies additional className when provided","duration":0.4776660000006814,"failureMessages":[],"meta":{}},{"ancestorTitles":["OutLink Component"],"fullName":"OutLink Component auto-detects external URLs","status":"passed","title":"auto-detects external URLs","duration":2.169750000000022,"failureMessages":[],"meta":{}},{"ancestorTitles":["OutLink Component"],"fullName":"OutLink Component passes accessibility tests","status":"passed","title":"passes accessibility tests","duration":11.201583000000028,"failureMessages":[],"meta":{}}],"startTime":1751749314442,"endTime":1751749314459.2017,"status":"passed","message":"","name":"/Users/jonphipps/Code/IFLA/standards-dev/packages/theme/src/tests/components/OutLink.test.tsx"},{"assertionResults":[{"ancestorTitles":["QuickStart"],"fullName":"QuickStart renders with default content and paths","status":"passed","title":"renders with default content and paths","duration":1.835124999999607,"failureMessages":[],"meta":{}},{"ancestorTitles":["QuickStart"],"fullName":"QuickStart uses default paths when none are provided","status":"passed","title":"uses default paths when none are provided","duration":0.9800420000001395,"failureMessages":[],"meta":{}},{"ancestorTitles":["QuickStart"],"fullName":"QuickStart uses custom paths when provided","status":"passed","title":"uses custom paths when provided","duration":0.7734159999999974,"failureMessages":[],"meta":{}},{"ancestorTitles":["QuickStart"],"fullName":"QuickStart applies custom className","status":"passed","title":"applies custom className","duration":0.5617499999998472,"failureMessages":[],"meta":{}},{"ancestorTitles":["QuickStart"],"fullName":"QuickStart has proper button styling classes","status":"passed","title":"has proper button styling classes","duration":0.6909169999998994,"failureMessages":[],"meta":{}},{"ancestorTitles":["QuickStart"],"fullName":"QuickStart renders proper heading structure","status":"passed","title":"renders proper heading structure","duration":1.4314999999996871,"failureMessages":[],"meta":{}},{"ancestorTitles":["QuickStart"],"fullName":"QuickStart handles partial path configuration","status":"passed","title":"handles partial path configuration","duration":0.7894999999998618,"failureMessages":[],"meta":{}},{"ancestorTitles":["QuickStart"],"fullName":"QuickStart supports empty string paths","status":"passed","title":"supports empty string paths","duration":0.6550829999996495,"failureMessages":[],"meta":{}},{"ancestorTitles":["QuickStart"],"fullName":"QuickStart renders all navigation links as clickable elements","status":"passed","title":"renders all navigation links as clickable elements","duration":2.077709000000141,"failureMessages":[],"meta":{}},{"ancestorTitles":["QuickStart"],"fullName":"QuickStart maintains consistent styling across all buttons","status":"passed","title":"maintains consistent styling across all buttons","duration":2.3784590000004755,"failureMessages":[],"meta":{}}],"startTime":1751749314420,"endTime":1751749314432.3784,"status":"passed","message":"","name":"/Users/jonphipps/Code/IFLA/standards-dev/packages/theme/src/tests/components/QuickStart.test.tsx"},{"assertionResults":[{"ancestorTitles":["SeeAlso Component"],"fullName":"SeeAlso Component renders with text content","status":"passed","title":"renders with text content","duration":1.0058749999998327,"failureMessages":[],"meta":{}},{"ancestorTitles":["SeeAlso Component"],"fullName":"SeeAlso Component renders with element content","status":"passed","title":"renders with element content","duration":1.4119580000005953,"failureMessages":[],"meta":{}},{"ancestorTitles":["SeeAlso Component"],"fullName":"SeeAlso Component renders with multiple links","status":"passed","title":"renders with multiple links","duration":1.9426250000005894,"failureMessages":[],"meta":{}},{"ancestorTitles":["SeeAlso Component"],"fullName":"SeeAlso Component applies additional className when provided","status":"passed","title":"applies additional className when provided","duration":0.7409169999991718,"failureMessages":[],"meta":{}},{"ancestorTitles":["SeeAlso Component"],"fullName":"SeeAlso Component passes accessibility test","status":"passed","title":"passes accessibility test","duration":8.027207999999519,"failureMessages":[],"meta":{}}],"startTime":1751749314629,"endTime":1751749314642.027,"status":"passed","message":"","name":"/Users/jonphipps/Code/IFLA/standards-dev/packages/theme/src/tests/components/SeeAlso.test.tsx"},{"assertionResults":[{"ancestorTitles":["Unique Component"],"fullName":"Unique Component renders with default props","status":"passed","title":"renders with default props","duration":0.7576659999995172,"failureMessages":[],"meta":{}},{"ancestorTitles":["Unique Component"],"fullName":"Unique Component renders with custom symbol","status":"passed","title":"renders with custom symbol","duration":0.3585419999999431,"failureMessages":[],"meta":{}},{"ancestorTitles":["Unique Component"],"fullName":"Unique Component renders with custom tooltip","status":"passed","title":"renders with custom tooltip","duration":0.5309170000000449,"failureMessages":[],"meta":{}},{"ancestorTitles":["Unique Component"],"fullName":"Unique Component applies additional className when provided","status":"passed","title":"applies additional className when provided","duration":0.40337499999986903,"failureMessages":[],"meta":{}},{"ancestorTitles":["Unique Component"],"fullName":"Unique Component combines all custom props","status":"passed","title":"combines all custom props","duration":0.40058399999998073,"failureMessages":[],"meta":{}},{"ancestorTitles":["Unique Component"],"fullName":"Unique Component passes accessibility test","status":"passed","title":"passes accessibility test","duration":6.811832999999751,"failureMessages":[],"meta":{}}],"startTime":1751749314672,"endTime":1751749314681.8118,"status":"passed","message":"","name":"/Users/jonphipps/Code/IFLA/standards-dev/packages/theme/src/tests/components/Unique.test.tsx"},{"assertionResults":[{"ancestorTitles":["VocabularyTable - Real Functionality Tests","Dark Mode Functionality"],"fullName":"VocabularyTable - Real Functionality Tests Dark Mode Functionality should render differently in dark mode vs light mode","status":"passed","title":"should render differently in dark mode vs light mode","duration":57.07204199999978,"failureMessages":[],"meta":{}},{"ancestorTitles":["VocabularyTable - Real Functionality Tests","Dark Mode Functionality"],"fullName":"VocabularyTable - Real Functionality Tests Dark Mode Functionality should maintain functionality in both light and dark modes","status":"passed","title":"should maintain functionality in both light and dark modes","duration":23.874416999999994,"failureMessages":[],"meta":{}},{"ancestorTitles":["VocabularyTable - Real Functionality Tests","Filtering Logic"],"fullName":"VocabularyTable - Real Functionality Tests Filtering Logic should filter by label in all languages","status":"passed","title":"should filter by label in all languages","duration":17.643625000000156,"failureMessages":[],"meta":{}},{"ancestorTitles":["VocabularyTable - Real Functionality Tests","Filtering Logic"],"fullName":"VocabularyTable - Real Functionality Tests Filtering Logic should filter by definition content","status":"passed","title":"should filter by definition content","duration":6.685375000000022,"failureMessages":[],"meta":{}},{"ancestorTitles":["VocabularyTable - Real Functionality Tests","Filtering Logic"],"fullName":"VocabularyTable - Real Functionality Tests Filtering Logic should handle case-insensitive filtering","status":"passed","title":"should handle case-insensitive filtering","duration":6.875250000000051,"failureMessages":[],"meta":{}},{"ancestorTitles":["VocabularyTable - Real Functionality Tests","Filtering Logic"],"fullName":"VocabularyTable - Real Functionality Tests Filtering Logic should show no results message when filter matches nothing","status":"passed","title":"should show no results message when filter matches nothing","duration":6.707625000000007,"failureMessages":[],"meta":{}},{"ancestorTitles":["VocabularyTable - Real Functionality Tests","URI Generation"],"fullName":"VocabularyTable - Real Functionality Tests URI Generation should generate correct URIs based on prefix and ID","status":"passed","title":"should generate correct URIs based on prefix and ID","duration":7.064750000000004,"failureMessages":[],"meta":{}},{"ancestorTitles":["VocabularyTable - Real Functionality Tests","URI Generation"],"fullName":"VocabularyTable - Real Functionality Tests URI Generation should handle different URI styles","status":"passed","title":"should handle different URI styles","duration":4.209957999999915,"failureMessages":[],"meta":{}},{"ancestorTitles":["VocabularyTable - Real Functionality Tests","Special Characters and XSS Prevention"],"fullName":"VocabularyTable - Real Functionality Tests Special Characters and XSS Prevention should properly escape HTML in labels and definitions","status":"passed","title":"should properly escape HTML in labels and definitions","duration":6.173666000000139,"failureMessages":[],"meta":{}},{"ancestorTitles":["VocabularyTable - Real Functionality Tests","Special Characters and XSS Prevention"],"fullName":"VocabularyTable - Real Functionality Tests Special Characters and XSS Prevention should handle malicious content safely","status":"passed","title":"should handle malicious content safely","duration":3.5820840000001226,"failureMessages":[],"meta":{}},{"ancestorTitles":["VocabularyTable - Real Functionality Tests","Edge Cases"],"fullName":"VocabularyTable - Real Functionality Tests Edge Cases should handle empty values array","status":"passed","title":"should handle empty values array","duration":2.109375,"failureMessages":[],"meta":{}},{"ancestorTitles":["VocabularyTable - Real Functionality Tests","Edge Cases"],"fullName":"VocabularyTable - Real Functionality Tests Edge Cases should handle missing translations","status":"passed","title":"should handle missing translations","duration":2.8127909999998337,"failureMessages":[],"meta":{}},{"ancestorTitles":["VocabularyTable - Real Functionality Tests","Edge Cases"],"fullName":"VocabularyTable - Real Functionality Tests Edge Cases should handle very long content","status":"passed","title":"should handle very long content","duration":4.878834000000097,"failureMessages":[],"meta":{}},{"ancestorTitles":["VocabularyTable - Real Functionality Tests","Performance"],"fullName":"VocabularyTable - Real Functionality Tests Performance should handle large datasets efficiently","status":"passed","title":"should handle large datasets efficiently","duration":426.48833300000024,"failureMessages":[],"meta":{}}],"startTime":1751749312234,"endTime":1751749312809.4883,"status":"passed","message":"","name":"/Users/jonphipps/Code/IFLA/standards-dev/packages/theme/src/tests/components/VocabularyTable-improved.test.tsx"},{"assertionResults":[{"ancestorTitles":["VocabularyTable"],"fullName":"VocabularyTable renders using legacy front matter properties (RDF.values)","status":"passed","title":"renders using legacy front matter properties (RDF.values)","duration":4.123207999999977,"failureMessages":[],"meta":{}},{"ancestorTitles":["VocabularyTable"],"fullName":"VocabularyTable renders using new front matter properties (concepts array)","status":"passed","title":"renders using new front matter properties (concepts array)","duration":3.4175840000007156,"failureMessages":[],"meta":{}},{"ancestorTitles":["VocabularyTable"],"fullName":"VocabularyTable shows title when showTitle is true","status":"passed","title":"shows title when showTitle is true","duration":2.4511249999995925,"failureMessages":[],"meta":{}},{"ancestorTitles":["VocabularyTable"],"fullName":"VocabularyTable generates numeric URIs with specified startCounter","status":"passed","title":"generates numeric URIs with specified startCounter","duration":2.440791999999419,"failureMessages":[],"meta":{}},{"ancestorTitles":["VocabularyTable"],"fullName":"VocabularyTable generates kebab-case slug URIs","status":"passed","title":"generates kebab-case slug URIs","duration":3.1244589999996606,"failureMessages":[],"meta":{}},{"ancestorTitles":["VocabularyTable"],"fullName":"VocabularyTable generates snake_case slug URIs","status":"passed","title":"generates snake_case slug URIs","duration":2.727791999999681,"failureMessages":[],"meta":{}},{"ancestorTitles":["VocabularyTable"],"fullName":"VocabularyTable generates camelCase slug URIs","status":"passed","title":"generates camelCase slug URIs","duration":2.6236250000001746,"failureMessages":[],"meta":{}},{"ancestorTitles":["VocabularyTable"],"fullName":"VocabularyTable generates PascalCase slug URIs","status":"passed","title":"generates PascalCase slug URIs","duration":5.155750000000808,"failureMessages":[],"meta":{}},{"ancestorTitles":["VocabularyTable"],"fullName":"VocabularyTable adds HTML IDs to rows matching the URI fragment","status":"passed","title":"adds HTML IDs to rows matching the URI fragment","duration":2.6597090000004755,"failureMessages":[],"meta":{}},{"ancestorTitles":["VocabularyTable"],"fullName":"VocabularyTable adds data-concept-id attributes with full URIs","status":"passed","title":"adds data-concept-id attributes with full URIs","duration":2.4818340000001626,"failureMessages":[],"meta":{}},{"ancestorTitles":["VocabularyTable"],"fullName":"VocabularyTable handles minimal props","status":"passed","title":"handles minimal props","duration":2.0852500000000873,"failureMessages":[],"meta":{}},{"ancestorTitles":["VocabularyTable"],"fullName":"VocabularyTable shows the filter input by default","status":"passed","title":"shows the filter input by default","duration":2.225416999999652,"failureMessages":[],"meta":{}},{"ancestorTitles":["VocabularyTable"],"fullName":"VocabularyTable hides the filter input when showFilter is false","status":"passed","title":"hides the filter input when showFilter is false","duration":2.1198330000006536,"failureMessages":[],"meta":{}},{"ancestorTitles":["VocabularyTable"],"fullName":"VocabularyTable hides URIs when showURIs is false","status":"passed","title":"hides URIs when showURIs is false","duration":2.3880840000001626,"failureMessages":[],"meta":{}},{"ancestorTitles":["VocabularyTable"],"fullName":"VocabularyTable shows URIs by default","status":"passed","title":"shows URIs by default","duration":2.1955000000007203,"failureMessages":[],"meta":{}},{"ancestorTitles":["VocabularyTable"],"fullName":"VocabularyTable filters terms based on input","status":"passed","title":"filters terms based on input","duration":6.662959000000228,"failureMessages":[],"meta":{}},{"ancestorTitles":["VocabularyTable"],"fullName":"VocabularyTable generates TOC items that match vocabulary values with legacy format","status":"passed","title":"generates TOC items that match vocabulary values with legacy format","duration":0.4586249999993015,"failureMessages":[],"meta":{}},{"ancestorTitles":["VocabularyTable"],"fullName":"VocabularyTable generates TOC items that match vocabulary values with new format","status":"passed","title":"generates TOC items that match vocabulary values with new format","duration":0.18887499999982538,"failureMessages":[],"meta":{}},{"ancestorTitles":["VocabularyTable"],"fullName":"VocabularyTable generates TOC with correct IDs based on uri style","status":"passed","title":"generates TOC with correct IDs based on uri style","duration":0.15970800000013696,"failureMessages":[],"meta":{}}],"startTime":1751749313999,"endTime":1751749314049.189,"status":"passed","message":"","name":"/Users/jonphipps/Code/IFLA/standards-dev/packages/theme/src/tests/components/VocabularyTable.test.tsx"},{"assertionResults":[{"ancestorTitles":["VocabularyTable with customFields defaults"],"fullName":"VocabularyTable with customFields defaults uses default values from customFields when not specified in props","status":"passed","title":"uses default values from customFields when not specified in props","duration":3.7661669999997684,"failureMessages":[],"meta":{}},{"ancestorTitles":["VocabularyTable with customFields defaults"],"fullName":"VocabularyTable with customFields defaults allows overriding individual default values","status":"passed","title":"allows overriding individual default values","duration":4.3104999999995925,"failureMessages":[],"meta":{}},{"ancestorTitles":["VocabularyTable with customFields defaults"],"fullName":"VocabularyTable with customFields defaults allows overriding filterPlaceholder","status":"passed","title":"allows overriding filterPlaceholder","duration":2.386457999999948,"failureMessages":[],"meta":{}},{"ancestorTitles":["VocabularyTable with customFields defaults"],"fullName":"VocabularyTable with customFields defaults allows overriding showFilter","status":"passed","title":"allows overriding showFilter","duration":2.2703330000003916,"failureMessages":[],"meta":{}},{"ancestorTitles":["VocabularyTable with customFields defaults"],"fullName":"VocabularyTable with customFields defaults allows overriding uriStyle","status":"passed","title":"allows overriding uriStyle","duration":2.9631659999995463,"failureMessages":[],"meta":{}},{"ancestorTitles":["VocabularyTable with customFields defaults"],"fullName":"VocabularyTable with customFields defaults allows overriding caseStyle","status":"passed","title":"allows overriding caseStyle","duration":2.4440420000000813,"failureMessages":[],"meta":{}},{"ancestorTitles":["VocabularyTable with customFields defaults"],"fullName":"VocabularyTable with customFields defaults correctly applies multiple overrides","status":"passed","title":"correctly applies multiple overrides","duration":3.655459000000519,"failureMessages":[],"meta":{}},{"ancestorTitles":["VocabularyTable with customFields defaults"],"fullName":"VocabularyTable with customFields defaults generateTOC uses defaults from window.__DOCUSAURUS__","status":"passed","title":"generateTOC uses defaults from window.__DOCUSAURUS__","duration":0.290208999999777,"failureMessages":[],"meta":{}},{"ancestorTitles":["VocabularyTable with customFields defaults"],"fullName":"VocabularyTable with customFields defaults generateTOC respects property overrides","status":"passed","title":"generateTOC respects property overrides","duration":0.09283400000003894,"failureMessages":[],"meta":{}},{"ancestorTitles":["VocabularyTable with customFields defaults"],"fullName":"VocabularyTable with customFields defaults merges default RDF values with provided RDF values","status":"passed","title":"merges default RDF values with provided RDF values","duration":2.719708000000537,"failureMessages":[],"meta":{}}],"startTime":1751749314241,"endTime":1751749314265.7197,"status":"passed","message":"","name":"/Users/jonphipps/Code/IFLA/standards-dev/packages/theme/src/tests/components/VocabularyTableDefaults.test.tsx"},{"assertionResults":[{"ancestorTitles":["VocabularyTable Details Functionality","Detail Column Header"],"fullName":"VocabularyTable Details Functionality Detail Column Header shows \"Detail\" header when concepts have additional properties","status":"passed","title":"shows \"Detail\" header when concepts have additional properties","duration":5.243999999999687,"failureMessages":[],"meta":{}},{"ancestorTitles":["VocabularyTable Details Functionality","Detail Column Header"],"fullName":"VocabularyTable Details Functionality Detail Column Header hid
[...]
ection"],"fullName":"Multilingual VocabularyTable Language Selection displays alternative labels when available","status":"passed","title":"displays alternative labels when available","duration":4.002791999999772,"failureMessages":[],"meta":{}},{"ancestorTitles":["Multilingual VocabularyTable","Multilingual Content Display"],"fullName":"Multilingual VocabularyTable Multilingual Content Display displays content in default language","status":"passed","title":"displays content in default language","duration":2.867999999999938,"failureMessages":[],"meta":{}},{"ancestorTitles":["Multilingual VocabularyTable","Multilingual Content Display"],"fullName":"Multilingual VocabularyTable Multilingual Content Display falls back to English when requested language is not available","status":"passed","title":"falls back to English when requested language is not available","duration":1.9018329999998969,"failureMessages":[],"meta":{}},{"ancestorTitles":["Multilingual VocabularyTable","Multilingual Content Display"],"fullName":"Multilingual VocabularyTable Multilingual Content Display displays multilingual title and description","status":"passed","title":"displays multilingual title and description","duration":5.595374999999876,"failureMessages":[],"meta":{}},{"ancestorTitles":["Multilingual VocabularyTable","CSV Data Support"],"fullName":"Multilingual VocabularyTable CSV Data Support parses CSV data correctly","status":"passed","title":"parses CSV data correctly","duration":10.19787499999984,"failureMessages":[],"meta":{}},{"ancestorTitles":["Multilingual VocabularyTable","CSV Data Support"],"fullName":"Multilingual VocabularyTable CSV Data Support switches languages with CSV data","status":"passed","title":"switches languages with CSV data","duration":7.509958000000097,"failureMessages":[],"meta":{}},{"ancestorTitles":["Multilingual VocabularyTable","CSV Data Support"],"fullName":"Multilingual VocabularyTable CSV Data Support uses CSV URIs when available","status":"passed","title":"uses CSV URIs when available","duration":3.802041999999801,"failureMessages":[],"meta":{}},{"ancestorTitles":["Multilingual VocabularyTable","Filtering with Multilingual Content"],"fullName":"Multilingual VocabularyTable Filtering with Multilingual Content filters content in current language","status":"passed","title":"filters content in current language","duration":8.354959000000235,"failureMessages":[],"meta":{}},{"ancestorTitles":["Multilingual VocabularyTable","Filtering with Multilingual Content"],"fullName":"Multilingual VocabularyTable Filtering with Multilingual Content filters by alternative labels","status":"passed","title":"filters by alternative labels","duration":5.297207999999955,"failureMessages":[],"meta":{}},{"ancestorTitles":["Multilingual VocabularyTable","TOC Generation with Multilingual Data"],"fullName":"Multilingual VocabularyTable TOC Generation with Multilingual Data generates TOC in default language","status":"passed","title":"generates TOC in default language","duration":0.470208000000639,"failureMessages":[],"meta":{}},{"ancestorTitles":["Multilingual VocabularyTable","TOC Generation with Multilingual Data"],"fullName":"Multilingual VocabularyTable TOC Generation with Multilingual Data generates TOC with specified language","status":"passed","title":"generates TOC with specified language","duration":0.15200000000004366,"failureMessages":[],"meta":{}},{"ancestorTitles":["Multilingual VocabularyTable","TOC Generation with Multilingual Data"],"fullName":"Multilingual VocabularyTable TOC Generation with Multilingual Data generates TOC from CSV data","status":"passed","title":"generates TOC from CSV data","duration":0.23225000000002183,"failureMessages":[],"meta":{}},{"ancestorTitles":["Multilingual VocabularyTable","CSV Export Functionality"],"fullName":"Multilingual VocabularyTable CSV Export Functionality exports multilingual data to CSV format","status":"passed","title":"exports multilingual data to CSV format","duration":0.2833329999994021,"failureMessages":[],"meta":{}},{"ancestorTitles":["Multilingual VocabularyTable","CSV Export Functionality"],"fullName":"Multilingual VocabularyTable CSV Export Functionality handles empty concepts array gracefully","status":"passed","title":"handles empty concepts array gracefully","duration":0.054500000000189175,"failureMessages":[],"meta":{}},{"ancestorTitles":["Multilingual VocabularyTable","Locale-Aware Language Selection"],"fullName":"Multilingual VocabularyTable Locale-Aware Language Selection uses current Docusaurus locale as default language","status":"passed","title":"uses current Docusaurus locale as default language","duration":2.4520000000002256,"failureMessages":[],"meta":{}},{"ancestorTitles":["Multilingual VocabularyTable","Locale-Aware Language Selection"],"fullName":"Multilingual VocabularyTable Locale-Aware Language Selection falls back to English when current locale is not available in data","status":"passed","title":"falls back to English when current locale is not available in data","duration":2.5130410000001575,"failureMessages":[],"meta":{}},{"ancestorTitles":["Multilingual VocabularyTable","CSV File Loading"],"fullName":"Multilingual VocabularyTable CSV File Loading loads CSV file automatically when csvFile prop is provided","status":"passed","title":"loads CSV file automatically when csvFile prop is provided","duration":11.500084000000243,"failureMessages":[],"meta":{}},{"ancestorTitles":["Multilingual VocabularyTable","CSV File Loading"],"fullName":"Multilingual VocabularyTable CSV File Loading shows error state when CSV file fails to load","status":"passed","title":"shows error state when CSV file fails to load","duration":8.531791999999768,"failureMessages":[],"meta":{}},{"ancestorTitles":["Multilingual VocabularyTable","CSV File Loading"],"fullName":"Multilingual VocabularyTable CSV File Loading auto-generates vocabularyId from CSV filename","status":"passed","title":"auto-generates vocabularyId from CSV filename","duration":5.424792000000707,"failureMessages":[],"meta":{}},{"ancestorTitles":["Multilingual VocabularyTable","Simplified CSV Usage"],"fullName":"Multilingual VocabularyTable Simplified CSV Usage works with minimal props when using csvFile","status":"passed","title":"works with minimal props when using csvFile","duration":4.263500000000022,"failureMessages":[],"meta":{}},{"ancestorTitles":["Multilingual VocabularyTable","Data Source Priority"],"fullName":"Multilingual VocabularyTable Data Source Priority prefers CSV data when preferCsvData is true","status":"passed","title":"prefers CSV data when preferCsvData is true","duration":4.032791999999972,"failureMessages":[],"meta":{}},{"ancestorTitles":["Multilingual VocabularyTable","Data Source Priority"],"fullName":"Multilingual VocabularyTable Data Source Priority uses concepts data when preferCsvData is false","status":"passed","title":"uses concepts data when preferCsvData is false","duration":2.139874999999847,"failureMessages":[],"meta":{}},{"ancestorTitles":["Multilingual VocabularyTable","Error Handling and Edge Cases"],"fullName":"Multilingual VocabularyTable Error Handling and Edge Cases handles malformed multilingual data gracefully","status":"passed","title":"handles malformed multilingual data gracefully","duration":2.242833000000246,"failureMessages":[],"meta":{}},{"ancestorTitles":["Multilingual VocabularyTable","Error Handling and Edge Cases"],"fullName":"Multilingual VocabularyTable Error Handling and Edge Cases handles language switching when expanded details are open","status":"passed","title":"handles language switching when expanded details are open","duration":8.549708999999893,"failureMessages":[],"meta":{}}],"startTime":1751749313132,"endTime":1751749313250.5498,"status":"passed","message":"","name":"/Users/jonphipps/Code/IFLA/standards-dev/packages/theme/src/components/VocabularyTable/__tests__/multilingual-vocabulary.test.tsx"},{"assertionResults":[{"ancestorTitles":["VocabularyTable Component","Basic Rendering"],"fullName":"VocabularyTable Component Basic Rendering renders vocabulary table with basic props","status":"passed","title":"renders vocabulary table with basic props","duration":3.796041999999943,"failureMessages":[],"meta":{}},{"ancestorTitles":["VocabularyTable Component","Basic Rendering"],"fullName":"VocabularyTable Component Basic Rendering shows title when showTitle is true","status":"passed","title":"shows title when showTitle is true","duration":2.8833340000001044,"failureMessages":[],"meta":{}},{"ancestorTitles":["VocabularyTable Component","Basic Rendering"],"fullName":"VocabularyTable Component Basic Rendering hides title by default","status":"passed","title":"hides title by default","duration":2.1879169999992882,"failureMessages":[],"meta":{}},{"ancestorTitles":["VocabularyTable Component","Filtering"],"fullName":"VocabularyTable Component Filtering filters terms based on search input","status":"passed","title":"filters terms based on search input","duration":5.538792000000285,"failureMessages":[],"meta":{}},{"ancestorTitles":["VocabularyTable Component","Filtering"],"fullName":"VocabularyTable Component Filtering shows no results message when no matches found","status":"passed","title":"shows no results message when no matches found","duration":2.810500000000502,"failureMessages":[],"meta":{}},{"ancestorTitles":["VocabularyTable Component","Expandable Details"],"fullName":"VocabularyTable Component Expandable Details shows expand button for terms with additional details","status":"passed","title":"shows expand button for terms with additional details","duration":2.1858750000001237,"failureMessages":[],"meta":{}},{"ancestorTitles":["VocabularyTable Component","Expandable Details"],"fullName":"VocabularyTable Component Expandable Details expands and collapses details correctly","status":"passed","title":"expands and collapses details correctly","duration":6.356249999999818,"failureMessages":[],"meta":{}},{"ancestorTitles":["VocabularyTable Component","URI Generation"],"fullName":"VocabularyTable Component URI Generation generates numeric URIs by default","status":"passed","title":"generates numeric URIs by default","duration":2.965041999999812,"failureMessages":[],"meta":{}},{"ancestorTitles":["VocabularyTable Component","URI Generation"],"fullName":"VocabularyTable Component URI Generation generates slug URIs when configured","status":"passed","title":"generates slug URIs when configured","duration":3.0273329999999987,"failureMessages":[],"meta":{}},{"ancestorTitles":["VocabularyTable Component","URI Generation"],"fullName":"VocabularyTable Component URI Generation hides URIs when showURIs is false","status":"passed","title":"hides URIs when showURIs is false","duration":2.3516669999999067,"failureMessages":[],"meta":{}},{"ancestorTitles":["VocabularyTable Component","Configuration Options"],"fullName":"VocabularyTable Component Configuration Options hides filter when showFilter is false","status":"passed","title":"hides filter when showFilter is false","duration":1.8914590000003955,"failureMessages":[],"meta":{}},{"ancestorTitles":["VocabularyTable Component","Configuration Options"],"fullName":"VocabularyTable Component Configuration Options uses custom filter placeholder","status":"passed","title":"uses custom filter placeholder","duration":1.9970000000002983,"failureMessages":[],"meta":{}},{"ancestorTitles":["VocabularyTable Component","Static Methods"],"fullName":"VocabularyTable Component Static Methods generates TOC correctly","status":"passed","title":"generates TOC correctly","duration":0.15487500000017462,"failureMessages":[],"meta":{}},{"ancestorTitles":["VocabularyTable Component","Static Methods"],"fullName":"VocabularyTable Component Static Methods exports to CSV format","status":"passed","title":"exports to CSV format","duration":0.11987499999941065,"failureMessages":[],"meta":{}},{"ancestorTitles":["VocabularyTable Component","Error Handling"],"fullName":"VocabularyTable Component Error Handling handles empty concepts array gracefully","status":"passed","title":"handles empty concepts array gracefully","duration":1.107958999999937,"failureMessages":[],"meta":{}},{"ancestorTitles":["VocabularyTable Component","Error Handling"],"fullName":"VocabularyTable Component Error Handling handles missing vocabularyId gracefully","status":"passed","title":"handles missing vocabularyId gracefully","duration":2.3987919999999576,"failureMessages":[],"meta":{}},{"ancestorTitles":["VocabularyTable Component","Accessibility"],"fullName":"VocabularyTable Component Accessibility has proper ARIA labels","status":"passed","title":"has proper ARIA labels","duration":3.876749999999447,"failureMessages":[],"meta":{}},{"ancestorTitles":["VocabularyTable Component","Accessibility"],"fullName":"VocabularyTable Component Accessibility has proper heading structure","status":"passed","title":"has proper heading structure","duration":5.114582999999584,"failureMessages":[],"meta":{}},{"ancestorTitles":["VocabularyTable Component","Accessibility"],"fullName":"VocabularyTable Component Accessibility has proper table semantics","status":"passed","title":"has proper table semantics","duration":3.3840829999999187,"failureMessages":[],"meta":{}},{"ancestorTitles":["VocabularyTable Component","Integration with Site Config"],"fullName":"VocabularyTable Component Integration with Site Config uses site config defaults","status":"passed","title":"uses site config defaults","duration":2.645832999999584,"failureMessages":[],"meta":{}},{"ancestorTitles":["VocabularyTable Component","Integration with Site Config"],"fullName":"VocabularyTable Component Integration with Site Config overrides site config with props","status":"passed","title":"overrides site config with props","duration":2.1227920000001177,"failureMessages":[],"meta":{}},{"ancestorTitles":["VocabularyTable Component","Dark Mode Support"],"fullName":"VocabularyTable Component Dark Mode Support applies dark mode styles when theme is dark","status":"passed","title":"applies dark mode styles when theme is dark","duration":2.857125000000451,"failureMessages":[],"meta":{}}],"startTime":1751749313734,"endTime":1751749313795.8572,"status":"passed","message":"","name":"/Users/jonphipps/Code/IFLA/standards-dev/packages/theme/src/components/VocabularyTable/__tests__/vocabulary-table-main.test.tsx"},{"assertionResults":[{"ancestorTitles":["Figure component"],"fullName":"Figure component renders correctly with required props","status":"passed","title":"renders correctly with required props","duration":2.9285409999993135,"failureMessages":[],"meta":{}},{"ancestorTitles":["Figure component"],"fullName":"Figure component renders with custom alt text","status":"passed","title":"renders with custom alt text","duration":1.5192500000002838,"failureMessages":[],"meta":{}},{"ancestorTitles":["Figure component"],"fullName":"Figure component renders with expand link","status":"passed","title":"renders with expand link","duration":2.9547499999998763,"failureMessages":[],"meta":{}},{"ancestorTitles":["Figure component"],"fullName":"Figure component renders with custom expand text","status":"passed","title":"renders with custom expand text","duration":1.681166999999732,"failureMessages":[],"meta":{}},{"ancestorTitles":["Figure component"],"fullName":"Figure component uses custom alt text in expand link aria-label","status":"passed","title":"uses custom alt text in expand link aria-label","duration":1.5710410000001502,"failureMessages":[],"meta":{}},{"ancestorTitles":["Figure component"],"fullName":"Figure component processes URLs through useBaseUrl","status":"passed","title":"processes URLs through useBaseUrl","duration":2.147624999999607,"failureMessages":[],"meta":{}},{"ancestorTitles":["Figure component"],"fullName":"Figure component applies correct CSS module classes","status":"passed","title":"applies correct CSS module classes","duration":0.9142919999994774,"failureMessages":[],"meta":{}},{"ancestorTitles":["Figure component"],"fullName":"Figure component has no accessibility violations","status":"passed","title":"has no accessibility violations","duration":13.354624999999942,"failureMessages":[],"meta":{}},{"ancestorTitles":["Figure component"],"fullName":"Figure component generates unique IDs for multiple instances","status":"passed","title":"generates unique IDs for multiple instances","duration":1.1972500000001673,"failureMessages":[],"meta":{}}],"startTime":1751749314121,"endTime":1751749314149.1973,"status":"passed","message":"","name":"/Users/jonphipps/Code/IFLA/standards-dev/packages/theme/src/tests/components/Figure/Figure.test.tsx"},{"assertionResults":[{"ancestorTitles":["Mandatory component"],"fullName":"Mandatory component renders with default props","status":"passed","title":"renders with default props","duration":2.286000000000058,"failureMessages":[],"meta":{}},{"ancestorTitles":["Mandatory component"],"fullName":"Mandatory component renders with custom link","status":"passed","title":"renders with custom link","duration":1.1778329999997368,"failureMessages":[],"meta":{}},{"ancestorTitles":["Mandatory component"],"fullName":"Mandatory component renders with custom symbol","status":"passed","title":"renders with custom symbol","duration":1.013082999999824,"failureMessages":[],"meta":{}},{"ancestorTitles":["Mandatory component"],"fullName":"Mandatory component renders with custom tooltip text","status":"passed","title":"renders with custom tooltip text","duration":1.8761249999997744,"failureMessages":[],"meta":{}},{"ancestorTitles":["Mandatory component"],"fullName":"Mandatory component renders with custom className","status":"passed","title":"renders with custom className","duration":0.5599169999995866,"failureMessages":[],"meta":{}},{"ancestorTitles":["Mandatory component"],"fullName":"Mandatory component renders with all custom props","status":"passed","title":"renders with all custom props","duration":1.308458000000428,"failureMessages":[],"meta":{}},{"ancestorTitles":["Mandatory component"],"fullName":"Mandatory component handles custom tooltip text with default link correctly","status":"passed","title":"handles custom tooltip text with default link correctly","duration":4.346625000000131,"failureMessages":[],"meta":{}},{"ancestorTitles":["Mandatory component"],"fullName":"Mandatory component does not render hidden label when both link and tooltip are custom","status":"passed","title":"does not render hidden label when both link and tooltip are custom","duration":1.6594160000004194,"failureMessages":[],"meta":{}},{"ancestorTitles":["Mandatory component"],"fullName":"Mandatory component processes relative URLs correctly","status":"passed","title":"processes relative URLs correctly","duration":2.1268330000002607,"failureMessages":[],"meta":{}},{"ancestorTitles":["Mandatory component"],"fullName":"Mandatory component applies correct CSS module classes","status":"passed","title":"applies correct CSS module classes","duration":1.144916999999623,"failureMessages":[],"meta":{}},{"ancestorTitles":["Mandatory component"],"fullName":"Mandatory component has no accessibility violations","status":"passed","title":"has no accessibility violations","duration":18.163791999999376,"failureMessages":[],"meta":{}},{"ancestorTitles":["Mandatory component"],"fullName":"Mandatory component has no accessibility violations with custom props","status":"passed","title":"has no accessibility violations with custom props","duration":8.614333000000443,"failureMessages":[],"meta":{}},{"ancestorTitles":["Mandatory component"],"fullName":"Mandatory component has no accessibility violations with custom tooltip only","status":"passed","title":"has no accessibility violations with custom tooltip only","duration":12.59808299999986,"failureMessages":[],"meta":{}}],"startTime":1751749313853,"endTime":1751749313909.5981,"status":"passed","message":"","name":"/Users/jonphipps/Code/IFLA/standards-dev/packages/theme/src/tests/components/Mandatory/Mandatory.test.tsx"}]}